17-05-2026 08:46:08.521 [main] [-] INFO  order-service-c.ecoomrce.OrderServiceApplication.logStarting - Starting OrderServiceApplication using Java 21.0.11 with PID 72761 (/Users/abhaykumarpandey/Documents/codingshuttle/order-service/target/classes started by abhaykumarpandey in /Users/abhaykumarpandey/Documents/codingshuttle/order-service)
17-05-2026 08:46:08.523 [main] [-] INFO  order-service-c.ecoomrce.OrderServiceApplication.logStartupProfileInfo - The following 1 profile is active: "dev"
17-05-2026 08:46:08.560 [main] [-] INFO  order-service-o.s.c.c.c.ConfigServerConfigDataLoader.log - Fetching config from server at : http://localhost:8888
17-05-2026 08:46:08.561 [main] [-] INFO  order-service-o.s.c.c.c.ConfigServerConfigDataLoader.log - Located environment: name=order-service, profiles=[default], label=null, version=5a27339b59dc8864acf2f4536c879adbe25f5efa, state=
17-05-2026 08:46:08.561 [main] [-] INFO  order-service-o.s.c.c.c.ConfigServerConfigDataLoader.log - Fetching config from server at : http://localhost:8888
17-05-2026 08:46:08.561 [main] [-] INFO  order-service-o.s.c.c.c.ConfigServerConfigDataLoader.log - Located environment: name=order-service, profiles=[dev], label=null, version=5a27339b59dc8864acf2f4536c879adbe25f5efa, state=
17-05-2026 08:46:10.028 [main] [-] INFO  order-service-o.s.d.r.c.RepositoryConfigurationDelegate.registerRepositoriesIn - Bootstrapping Spring Data JPA repositories in DEFAULT mode.
17-05-2026 08:46:10.216 [main] [-] INFO  order-service-o.s.d.r.c.RepositoryConfigurationDelegate.registerRepositoriesIn - Finished Spring Data repository scanning in 166 ms. Found 2 JPA repository interfaces.
17-05-2026 08:46:11.084 [main] [-] INFO  order-service-o.s.cloud.context.scope.GenericScope.setSerializationId - BeanFactory id=db8afc76-89c3-319b-99b6-2e10123e00f3
17-05-2026 08:46:11.926 [main] [-] INFO  order-service-o.s.b.w.e.tomcat.TomcatWebServer.initialize - Tomcat initialized with port 8081 (http)
17-05-2026 08:46:11.936 [main] [-] INFO  order-service-o.a.coyote.http11.Http11NioProtocol.log - Initializing ProtocolHandler ["http-nio-8081"]
17-05-2026 08:46:11.937 [main] [-] INFO  order-service-o.a.catalina.core.StandardService.log - Starting service [Tomcat]
17-05-2026 08:46:11.938 [main] [-] INFO  order-service-o.a.catalina.core.StandardEngine.log - Starting Servlet engine: [Apache Tomcat/10.1.54]
17-05-2026 08:46:12.011 [main] [-] INFO  order-service-o.a.c.c.C.[Tomcat].[localhost].[/].log - Initializing Spring embedded WebApplicationContext
17-05-2026 08:46:12.012 [main] [-] INFO  order-service-o.s.b.w.s.c.ServletWebServerApplicationContext.prepareWebApplicationContext - Root WebApplicationContext: initialization completed in 3450 ms
17-05-2026 08:46:12.674 [main] [-] INFO  order-service-com.zaxxer.hikari.HikariDataSource.getConnection - HikariPool-1 - Starting...
17-05-2026 08:46:12.850 [main] [-] INFO  order-service-com.zaxxer.hikari.pool.HikariPool.checkFailFast - HikariPool-1 - Added connection org.postgresql.jdbc.PgConnection@7dcc0296
17-05-2026 08:46:12.851 [main] [-] INFO  order-service-com.zaxxer.hikari.HikariDataSource.getConnection - HikariPool-1 - Start completed.
17-05-2026 08:46:12.960 [main] [-] INFO  order-service-o.h.jpa.internal.util.LogHelper.logPersistenceUnitInformation - HHH000204: Processing PersistenceUnitInfo [name: default]
17-05-2026 08:46:12.997 [main] [-] INFO  order-service-org.hibernate.Version.logVersion - HHH000412: Hibernate ORM core version 6.6.50.Final
17-05-2026 08:46:13.017 [main] [-] INFO  order-service-o.h.c.i.RegionFactoryInitiator.initiateService - HHH000026: Second-level cache disabled
17-05-2026 08:46:13.199 [main] [-] INFO  order-service-o.s.o.j.p.SpringPersistenceUnitInfo.addTransformer - No LoadTimeWeaver setup: ignoring JPA class transformer
17-05-2026 08:46:13.285 [main] [-] INFO  order-service-o.hibernate.orm.connections.pooling.logConnectionInfo - HHH10001005: Database info:
	Database JDBC URL [Connecting through datasource 'HikariDataSource (HikariPool-1)']
	Database driver: undefined/unknown
	Database version: 16.3
	Autocommit mode: undefined/unknown
	Isolation level: undefined/unknown
	Minimum pool size: undefined/unknown
	Maximum pool size: undefined/unknown
17-05-2026 08:46:14.188 [main] [-] INFO  order-service-o.h.e.t.j.p.i.JtaPlatformInitiator.initiateService - HHH000489: No JTA platform available (set 'hibernate.transaction.jta.platform' to enable JTA platform integration)
17-05-2026 08:46:14.254 [main] [-] INFO  order-service-o.s.o.j.LocalContainerEntityManagerFactoryBean.buildNativeEntityManagerFactory - Initialized JPA EntityManagerFactory for persistence unit 'default'
17-05-2026 08:46:14.848 [main] [-] INFO  order-service-o.s.c.o.FeignClientFactoryBean.getTarget - For 'inventory-service' URL not provided. Will try picking an instance via load-balancing.
17-05-2026 08:46:17.184 [main] [-] INFO  order-service-o.s.c.n.e.c.DiscoveryClientOptionalArgsConfiguration.restTemplateDiscoveryClientOptionalArgs - Eureka HTTP Client uses RestTemplate.
17-05-2026 08:46:17.243 [main] [-] WARN  order-service-o.s.c.l.c.LoadBalancerCacheAutoConfiguration$LoadBalancerCaffeineWarnLogger.afterPropertiesSet - Spring Cloud LoadBalancer is currently working with the default cache. While this cache implementation is useful for development and tests, it's recommended to use Caffeine cache in production.You can switch to using Caffeine cache, by adding it and org.springframework.cache.caffeine.CaffeineCacheManager to the classpath.
17-05-2026 08:46:17.268 [main] [-] INFO  order-service-o.s.b.a.e.web.EndpointLinksResolver.<init> - Exposing 3 endpoints beneath base path '/actuator'
17-05-2026 08:46:17.378 [main] [-] INFO  order-service-o.s.c.n.eureka.InstanceInfoFactory.create - Setting initial instance status as: STARTING
17-05-2026 08:46:17.408 [main] [-] INFO  order-service-c.netflix.discovery.DiscoveryClient.<init> - Initializing Eureka in region us-east-1
17-05-2026 08:46:17.412 [main] [-] INFO  order-service-c.n.d.s.r.aws.ConfigClusterResolver.getClusterEndpoints - Resolving eureka endpoints via configuration
17-05-2026 08:46:17.420 [main] [-] INFO  order-service-c.netflix.discovery.DiscoveryClient.fetchRegistry - Disable delta property : false
17-05-2026 08:46:17.420 [main] [-] INFO  order-service-c.netflix.discovery.DiscoveryClient.fetchRegistry - Single vip registry refresh property : null
17-05-2026 08:46:17.420 [main] [-] INFO  order-service-c.netflix.discovery.DiscoveryClient.fetchRegistry - Force full registry fetch : false
17-05-2026 08:46:17.420 [main] [-] INFO  order-service-c.netflix.discovery.DiscoveryClient.fetchRegistry - Application is null : false
17-05-2026 08:46:17.420 [main] [-] INFO  order-service-c.netflix.discovery.DiscoveryClient.fetchRegistry - Registered Applications size is zero : true
17-05-2026 08:46:17.420 [main] [-] INFO  order-service-c.netflix.discovery.DiscoveryClient.fetchRegistry - Application version is -1: true
17-05-2026 08:46:17.420 [main] [-] INFO  order-service-c.netflix.discovery.DiscoveryClient.getAndStoreFullRegistry - Getting all instance registry info from the eureka server
17-05-2026 08:46:17.760 [main] [-] INFO  order-service-c.netflix.discovery.DiscoveryClient.getAndStoreFullRegistry - The response status is 200
17-05-2026 08:46:17.762 [main] [-] INFO  order-service-c.netflix.discovery.DiscoveryClient.initScheduledTasks - Starting heartbeat executor: renew interval is: 30
17-05-2026 08:46:17.764 [main] [-] INFO  order-service-c.n.discovery.InstanceInfoReplicator.<init> - InstanceInfoReplicator onDemand update allowed rate per min is 4
17-05-2026 08:46:17.765 [main] [-] INFO  order-service-c.netflix.discovery.DiscoveryClient.<init> - Discovery Client initialized at timestamp 1778987777764 with initial instances count: 3
17-05-2026 08:46:17.776 [main] [-] INFO  order-service-o.s.c.n.e.s.EurekaServiceRegistry.register - Registering application ORDER-SERVICE with eureka with status UP
17-05-2026 08:46:17.777 [main] [-] INFO  order-service-c.netflix.discovery.DiscoveryClient.notify - Saw local status change event StatusChangeEvent [timestamp=1778987777777, current=UP, previous=STARTING]
17-05-2026 08:46:17.778 [DiscoveryClient-InstanceInfoReplicator-%d] [-] INFO  order-service-c.netflix.discovery.DiscoveryClient.register - DiscoveryClient_ORDER-SERVICE/192.168.1.2:order-service:8081: registering service...
17-05-2026 08:46:17.781 [main] [-] INFO  order-service-o.a.coyote.http11.Http11NioProtocol.log - Starting ProtocolHandler ["http-nio-8081"]
17-05-2026 08:46:17.793 [main] [-] INFO  order-service-o.s.b.w.e.tomcat.TomcatWebServer.start - Tomcat started on port 8081 (http) with context path '/'
17-05-2026 08:46:17.794 [main] [-] INFO  order-service-o.s.c.n.e.s.EurekaAutoServiceRegistration.onApplicationEvent - Updating port to 8081
17-05-2026 08:46:17.843 [main] [-] INFO  order-service-c.ecoomrce.OrderServiceApplication.logStarted - Started OrderServiceApplication in 13.753 seconds (process running for 14.83)
17-05-2026 08:46:17.851 [DiscoveryClient-InstanceInfoReplicator-%d] [-] INFO  order-service-c.netflix.discovery.DiscoveryClient.register - DiscoveryClient_ORDER-SERVICE/192.168.1.2:order-service:8081 - registration status: 204
17-05-2026 08:46:19.124 [RMI TCP Connection(10)-127.0.0.1] [-] INFO  order-service-o.a.c.c.C.[Tomcat].[localhost].[/].log - Initializing Spring DispatcherServlet 'dispatcherServlet'
17-05-2026 08:46:19.125 [RMI TCP Connection(10)-127.0.0.1] [-] INFO  order-service-o.s.web.servlet.DispatcherServlet.initServletBean - Initializing Servlet 'dispatcherServlet'
17-05-2026 08:46:19.138 [RMI TCP Connection(10)-127.0.0.1] [-] INFO  order-service-o.s.web.servlet.DispatcherServlet.initServletBean - Completed initialization in 12 ms
17-05-2026 08:51:17.454 [AsyncResolver-bootstrap-executor-%d] [-] INFO  order-service-c.n.d.s.r.aws.ConfigClusterResolver.getClusterEndpoints - Resolving eureka endpoints via configuration
17-05-2026 08:56:17.541 [AsyncResolver-bootstrap-executor-%d] [-] INFO  order-service-c.n.d.s.r.aws.ConfigClusterResolver.getClusterEndpoints - Resolving eureka endpoints via configuration
17-05-2026 09:01:17.587 [AsyncResolver-bootstrap-executor-%d] [-] INFO  order-service-c.n.d.s.r.aws.ConfigClusterResolver.getClusterEndpoints - Resolving eureka endpoints via configuration
17-05-2026 09:06:17.626 [AsyncResolver-bootstrap-executor-%d] [-] INFO  order-service-c.n.d.s.r.aws.ConfigClusterResolver.getClusterEndpoints - Resolving eureka endpoints via configuration
17-05-2026 09:11:17.664 [AsyncResolver-bootstrap-executor-%d] [-] INFO  order-service-c.n.d.s.r.aws.ConfigClusterResolver.getClusterEndpoints - Resolving eureka endpoints via configuration
17-05-2026 09:16:17.717 [AsyncResolver-bootstrap-executor-%d] [-] INFO  order-service-c.n.d.s.r.aws.ConfigClusterResolver.getClusterEndpoints - Resolving eureka endpoints via configuration
17-05-2026 09:33:45.472 [HikariPool-1:housekeeper] [-] WARN  order-service-com.zaxxer.hikari.pool.HikariPool.run - HikariPool-1 - Thread starvation or clock leap detected (housekeeper delta=15m32s85ms).
17-05-2026 09:51:47.932 [HikariPool-1:housekeeper] [-] WARN  order-service-com.zaxxer.hikari.pool.HikariPool.run - HikariPool-1 - Thread starvation or clock leap detected (housekeeper delta=18m2s462ms).
17-05-2026 10:00:03.114 [HikariPool-1:housekeeper] [-] WARN  order-service-com.zaxxer.hikari.pool.HikariPool.run - HikariPool-1 - Thread starvation or clock leap detected (housekeeper delta=8m15s183ms).
17-05-2026 10:01:37.368 [AsyncResolver-bootstrap-executor-%d] [-] INFO  order-service-c.n.d.s.r.aws.ConfigClusterResolver.getClusterEndpoints - Resolving eureka endpoints via configuration
17-05-2026 10:06:37.433 [AsyncResolver-bootstrap-executor-%d] [-] INFO  order-service-c.n.d.s.r.aws.ConfigClusterResolver.getClusterEndpoints - Resolving eureka endpoints via configuration
17-05-2026 10:11:37.484 [AsyncResolver-bootstrap-executor-%d] [-] INFO  order-service-c.n.d.s.r.aws.ConfigClusterResolver.getClusterEndpoints - Resolving eureka endpoints via configuration
17-05-2026 10:16:37.527 [AsyncResolver-bootstrap-executor-%d] [-] INFO  order-service-c.n.d.s.r.aws.ConfigClusterResolver.getClusterEndpoints - Resolving eureka endpoints via configuration
17-05-2026 10:21:37.571 [AsyncResolver-bootstrap-executor-%d] [-] INFO  order-service-c.n.d.s.r.aws.ConfigClusterResolver.getClusterEndpoints - Resolving eureka endpoints via configuration
17-05-2026 10:23:50.107 [AsyncReporter{ZipkinHttpClientSender{http://localhost:9411/api/v2/spans}}] [-] WARN  order-service-z.r.i.AsyncReporter$BoundedAsyncReporter.flush - Spans were dropped due to exceptions. All subsequent errors will be logged at FINE level.
17-05-2026 10:23:50.134 [AsyncReporter{ZipkinHttpClientSender{http://localhost:9411/api/v2/spans}}] [-] WARN  order-service-z.r.i.AsyncReporter$BoundedAsyncReporter.flush - Dropped 2 spans due to ConnectException()
java.net.ConnectException
	at java.net.http/jdk.internal.net.http.HttpClientImpl.send(HttpClientImpl.java:955)
	at java.net.http/jdk.internal.net.http.HttpClientFacade.send(HttpClientFacade.java:133)
	at org.springframework.boot.actuate.autoconfigure.tracing.zipkin.ZipkinHttpClientSender.postSpans(ZipkinHttpClientSender.java:60)
	at org.springframework.boot.actuate.autoconfigure.tracing.zipkin.HttpSender.postSpans(HttpSender.java:69)
	at org.springframework.boot.actuate.autoconfigure.tracing.zipkin.HttpSender.postSpans(HttpSender.java:41)
	at zipkin2.reporter.BaseHttpSender.send(BaseHttpSender.java:123)
	at zipkin2.reporter.internal.AsyncReporter$BoundedAsyncReporter.flush(AsyncReporter.java:266)
	at zipkin2.reporter.internal.AsyncReporter$Flusher.run(AsyncReporter.java:352)
	at java.base/java.lang.Thread.run(Thread.java:1583)
Caused by: java.net.ConnectException
	at java.net.http/jdk.internal.net.http.common.Utils.toConnectException(Utils.java:1065)
	at java.net.http/jdk.internal.net.http.PlainHttpConnection.connectAsync(PlainHttpConnection.java:227)
	at java.net.http/jdk.internal.net.http.PlainHttpConnection.checkRetryConnect(PlainHttpConnection.java:280)
	at java.net.http/jdk.internal.net.http.PlainHttpConnection.lambda$connectAsync$2(PlainHttpConnection.java:238)
	at java.base/java.util.concurrent.CompletableFuture.uniHandle(CompletableFuture.java:934)
	at java.base/java.util.concurrent.CompletableFuture$UniHandle.tryFire(CompletableFuture.java:911)
	at java.base/java.util.concurrent.CompletableFuture.postComplete(CompletableFuture.java:510)
	at java.base/java.util.concurrent.CompletableFuture$AsyncSupply.run(CompletableFuture.java:1773)
	at java.base/java.util.concurrent.ThreadPoolExecutor.runWorker(ThreadPoolExecutor.java:1144)
	at java.base/java.util.concurrent.ThreadPoolExecutor$Worker.run(ThreadPoolExecutor.java:642)
	... 1 common frames omitted
Caused by: java.nio.channels.ClosedChannelException
	at java.base/sun.nio.ch.SocketChannelImpl.ensureOpen(SocketChannelImpl.java:202)
	at java.base/sun.nio.ch.SocketChannelImpl.beginConnect(SocketChannelImpl.java:786)
	at java.base/sun.nio.ch.SocketChannelImpl.connect(SocketChannelImpl.java:874)
	at java.net.http/jdk.internal.net.http.PlainHttpConnection.lambda$connectAsync$1(PlainHttpConnection.java:210)
	at java.base/java.security.AccessController.doPrivileged(AccessController.java:571)
	at java.net.http/jdk.internal.net.http.PlainHttpConnection.connectAsync(PlainHttpConnection.java:212)
	... 9 common frames omitted
17-05-2026 10:26:37.598 [AsyncResolver-bootstrap-executor-%d] [-] INFO  order-service-c.n.d.s.r.aws.ConfigClusterResolver.getClusterEndpoints - Resolving eureka endpoints via configuration
17-05-2026 10:31:37.624 [AsyncResolver-bootstrap-executor-%d] [-] INFO  order-service-c.n.d.s.r.aws.ConfigClusterResolver.getClusterEndpoints - Resolving eureka endpoints via configuration
17-05-2026 10:36:37.664 [AsyncResolver-bootstrap-executor-%d] [-] INFO  order-service-c.n.d.s.r.aws.ConfigClusterResolver.getClusterEndpoints - Resolving eureka endpoints via configuration
17-05-2026 10:41:37.732 [AsyncResolver-bootstrap-executor-%d] [-] INFO  order-service-c.n.d.s.r.aws.ConfigClusterResolver.getClusterEndpoints - Resolving eureka endpoints via configuration
17-05-2026 10:46:37.774 [AsyncResolver-bootstrap-executor-%d] [-] INFO  order-service-c.n.d.s.r.aws.ConfigClusterResolver.getClusterEndpoints - Resolving eureka endpoints via configuration
17-05-2026 10:51:37.831 [AsyncResolver-bootstrap-executor-%d] [-] INFO  order-service-c.n.d.s.r.aws.ConfigClusterResolver.getClusterEndpoints - Resolving eureka endpoints via configuration
17-05-2026 10:56:37.872 [AsyncResolver-bootstrap-executor-%d] [-] INFO  order-service-c.n.d.s.r.aws.ConfigClusterResolver.getClusterEndpoints - Resolving eureka endpoints via configuration
17-05-2026 11:16:09.643 [HikariPool-1:housekeeper] [-] WARN  order-service-com.zaxxer.hikari.pool.HikariPool.run - HikariPool-1 - Thread starvation or clock leap detected (housekeeper delta=15m35s744ms).
17-05-2026 11:16:43.642 [AsyncResolver-bootstrap-executor-%d] [-] INFO  order-service-c.n.d.s.r.aws.ConfigClusterResolver.getClusterEndpoints - Resolving eureka endpoints via configuration
17-05-2026 11:32:11.155 [HikariPool-1:housekeeper] [-] WARN  order-service-com.zaxxer.hikari.pool.HikariPool.run - HikariPool-1 - Thread starvation or clock leap detected (housekeeper delta=15m31s462ms).
17-05-2026 11:47:54.627 [HikariPool-1:housekeeper] [-] WARN  order-service-com.zaxxer.hikari.pool.HikariPool.run - HikariPool-1 - Thread starvation or clock leap detected (housekeeper delta=15m43s470ms).
17-05-2026 11:48:16.111 [DiscoveryClient-HeartbeatExecutor-%d] [-] INFO  order-service-c.netflix.discovery.DiscoveryClient.renew - DiscoveryClient_ORDER-SERVICE/192.168.1.2:order-service:8081 - Re-registering apps/ORDER-SERVICE
17-05-2026 11:48:16.117 [DiscoveryClient-HeartbeatExecutor-%d] [-] INFO  order-service-c.netflix.discovery.DiscoveryClient.register - DiscoveryClient_ORDER-SERVICE/192.168.1.2:order-service:8081: registering service...
17-05-2026 11:48:16.304 [DiscoveryClient-HeartbeatExecutor-%d] [-] INFO  order-service-c.netflix.discovery.DiscoveryClient.register - DiscoveryClient_ORDER-SERVICE/192.168.1.2:order-service:8081 - registration status: 204
17-05-2026 11:53:14.834 [HikariPool-1:housekeeper] [-] WARN  order-service-com.zaxxer.hikari.pool.HikariPool.run - HikariPool-1 - Thread starvation or clock leap detected (housekeeper delta=4m50s177ms).
17-05-2026 11:56:18.724 [AsyncResolver-bootstrap-executor-%d] [-] INFO  order-service-c.n.d.s.r.aws.ConfigClusterResolver.getClusterEndpoints - Resolving eureka endpoints via configuration
17-05-2026 12:01:18.746 [AsyncResolver-bootstrap-executor-%d] [-] INFO  order-service-c.n.d.s.r.aws.ConfigClusterResolver.getClusterEndpoints - Resolving eureka endpoints via configuration
17-05-2026 12:06:18.778 [AsyncResolver-bootstrap-executor-%d] [-] INFO  order-service-c.n.d.s.r.aws.ConfigClusterResolver.getClusterEndpoints - Resolving eureka endpoints via configuration
17-05-2026 12:11:18.797 [AsyncResolver-bootstrap-executor-%d] [-] INFO  order-service-c.n.d.s.r.aws.ConfigClusterResolver.getClusterEndpoints - Resolving eureka endpoints via configuration
17-05-2026 12:16:18.822 [AsyncResolver-bootstrap-executor-%d] [-] INFO  order-service-c.n.d.s.r.aws.ConfigClusterResolver.getClusterEndpoints - Resolving eureka endpoints via configuration
17-05-2026 12:21:18.855 [AsyncResolver-bootstrap-executor-%d] [-] INFO  order-service-c.n.d.s.r.aws.ConfigClusterResolver.getClusterEndpoints - Resolving eureka endpoints via configuration
17-05-2026 12:26:18.887 [AsyncResolver-bootstrap-executor-%d] [-] INFO  order-service-c.n.d.s.r.aws.ConfigClusterResolver.getClusterEndpoints - Resolving eureka endpoints via configuration
17-05-2026 12:31:18.904 [AsyncResolver-bootstrap-executor-%d] [-] INFO  order-service-c.n.d.s.r.aws.ConfigClusterResolver.getClusterEndpoints - Resolving eureka endpoints via configuration
17-05-2026 12:36:18.922 [AsyncResolver-bootstrap-executor-%d] [-] INFO  order-service-c.n.d.s.r.aws.ConfigClusterResolver.getClusterEndpoints - Resolving eureka endpoints via configuration
17-05-2026 12:41:18.945 [AsyncResolver-bootstrap-executor-%d] [-] INFO  order-service-c.n.d.s.r.aws.ConfigClusterResolver.getClusterEndpoints - Resolving eureka endpoints via configuration
17-05-2026 12:46:19.122 [AsyncResolver-bootstrap-executor-%d] [-] INFO  order-service-c.n.d.s.r.aws.ConfigClusterResolver.getClusterEndpoints - Resolving eureka endpoints via configuration
17-05-2026 12:49:03.049 [RMI TCP Connection(190)-127.0.0.1] [-] INFO  order-service-o.s.b.a.SpringApplicationAdminMXBeanRegistrar$SpringApplicationAdmin.shutdown - Application shutdown requested.
17-05-2026 12:49:03.433 [RMI TCP Connection(190)-127.0.0.1] [-] INFO  order-service-o.s.c.n.e.s.EurekaServiceRegistry.deregister - Unregistering application ORDER-SERVICE with eureka with status DOWN
17-05-2026 12:49:03.445 [RMI TCP Connection(190)-127.0.0.1] [-] INFO  order-service-c.netflix.discovery.DiscoveryClient.notify - Saw local status change event StatusChangeEvent [timestamp=1779002343443, current=DOWN, previous=UP]
17-05-2026 12:49:03.453 [DiscoveryClient-InstanceInfoReplicator-%d] [-] INFO  order-service-c.netflix.discovery.DiscoveryClient.register - DiscoveryClient_ORDER-SERVICE/192.168.1.2:order-service:8081: registering service...
17-05-2026 12:49:03.685 [DiscoveryClient-InstanceInfoReplicator-%d] [-] INFO  order-service-c.netflix.discovery.DiscoveryClient.register - DiscoveryClient_ORDER-SERVICE/192.168.1.2:order-service:8081 - registration status: 204
17-05-2026 12:49:03.886 [RMI TCP Connection(190)-127.0.0.1] [-] INFO  order-service-o.s.b.w.e.tomcat.GracefulShutdown.shutDownGracefully - Commencing graceful shutdown. Waiting for active requests to complete
17-05-2026 12:49:03.921 [tomcat-shutdown] [-] INFO  order-service-o.a.coyote.http11.Http11NioProtocol.log - Pausing ProtocolHandler ["http-nio-8081"]
17-05-2026 12:49:03.994 [tomcat-shutdown] [-] INFO  order-service-o.s.b.w.e.tomcat.GracefulShutdown.doShutdown - Graceful shutdown complete
17-05-2026 12:49:04.006 [RMI TCP Connection(190)-127.0.0.1] [-] INFO  order-service-o.a.coyote.http11.Http11NioProtocol.log - Stopping ProtocolHandler ["http-nio-8081"]
17-05-2026 12:49:04.288 [RMI TCP Connection(190)-127.0.0.1] [-] INFO  order-service-o.s.o.j.LocalContainerEntityManagerFactoryBean.destroy - Closing JPA EntityManagerFactory for persistence unit 'default'
17-05-2026 12:49:04.532 [RMI TCP Connection(190)-127.0.0.1] [-] INFO  order-service-com.zaxxer.hikari.HikariDataSource.close - HikariPool-1 - Shutdown initiated...
17-05-2026 12:49:04.569 [RMI TCP Connection(190)-127.0.0.1] [-] INFO  order-service-com.zaxxer.hikari.HikariDataSource.close - HikariPool-1 - Shutdown completed.
17-05-2026 12:49:05.498 [RMI TCP Connection(190)-127.0.0.1] [-] INFO  order-service-c.netflix.discovery.DiscoveryClient.shutdown - Shutting down DiscoveryClient ...
17-05-2026 12:49:08.515 [RMI TCP Connection(190)-127.0.0.1] [-] INFO  order-service-c.netflix.discovery.DiscoveryClient.unregister - Unregistering ...
17-05-2026 12:49:08.781 [RMI TCP Connection(190)-127.0.0.1] [-] INFO  order-service-c.netflix.discovery.DiscoveryClient.unregister - DiscoveryClient_ORDER-SERVICE/192.168.1.2:order-service:8081 - deregister  status: 200
17-05-2026 12:49:08.784 [RMI TCP Connection(190)-127.0.0.1] [-] INFO  order-service-c.netflix.discovery.DiscoveryClient.shutdown - Completed shut down of DiscoveryClient
17-05-2026 23:29:28.134 [main] [-] INFO  order-service-c.ecoomrce.OrderServiceApplication.logStarting - Starting OrderServiceApplication using Java 21.0.11 with PID 39127 (/Users/abhaykumarpandey/Documents/codingshuttle/order-service/target/classes started by abhaykumarpandey in /Users/abhaykumarpandey/Documents/codingshuttle/order-service)
17-05-2026 23:29:28.140 [main] [-] INFO  order-service-c.ecoomrce.OrderServiceApplication.logStartupProfileInfo - The following 1 profile is active: "dev"
17-05-2026 23:29:28.223 [main] [-] INFO  order-service-o.s.c.c.c.ConfigServerConfigDataLoader.log - Fetching config from server at : http://localhost:8888
17-05-2026 23:29:28.225 [main] [-] INFO  order-service-o.s.c.c.c.ConfigServerConfigDataLoader.log - Located environment: name=order-service, profiles=[default], label=null, version=5a27339b59dc8864acf2f4536c879adbe25f5efa, state=
17-05-2026 23:29:28.225 [main] [-] INFO  order-service-o.s.c.c.c.ConfigServerConfigDataLoader.log - Fetching config from server at : http://localhost:8888
17-05-2026 23:29:28.226 [main] [-] INFO  order-service-o.s.c.c.c.ConfigServerConfigDataLoader.log - Located environment: name=order-service, profiles=[dev], label=null, version=5a27339b59dc8864acf2f4536c879adbe25f5efa, state=
17-05-2026 23:29:30.590 [main] [-] INFO  order-service-o.s.d.r.c.RepositoryConfigurationDelegate.registerRepositoriesIn - Bootstrapping Spring Data JPA repositories in DEFAULT mode.
17-05-2026 23:29:30.746 [main] [-] INFO  order-service-o.s.d.r.c.RepositoryConfigurationDelegate.registerRepositoriesIn - Finished Spring Data repository scanning in 143 ms. Found 2 JPA repository interfaces.
17-05-2026 23:29:31.726 [main] [-] INFO  order-service-o.s.cloud.context.scope.GenericScope.setSerializationId - BeanFactory id=db8afc76-89c3-319b-99b6-2e10123e00f3
17-05-2026 23:29:33.299 [main] [-] INFO  order-service-o.s.b.w.e.tomcat.TomcatWebServer.initialize - Tomcat initialized with port 8081 (http)
17-05-2026 23:29:33.319 [main] [-] INFO  order-service-o.a.coyote.http11.Http11NioProtocol.log - Initializing ProtocolHandler ["http-nio-8081"]
17-05-2026 23:29:33.323 [main] [-] INFO  order-service-o.a.catalina.core.StandardService.log - Starting service [Tomcat]
17-05-2026 23:29:33.324 [main] [-] INFO  order-service-o.a.catalina.core.StandardEngine.log - Starting Servlet engine: [Apache Tomcat/10.1.54]
17-05-2026 23:29:33.429 [main] [-] INFO  order-service-o.a.c.c.C.[Tomcat].[localhost].[/].log - Initializing Spring embedded WebApplicationContext
17-05-2026 23:29:33.432 [main] [-] INFO  order-service-o.s.b.w.s.c.ServletWebServerApplicationContext.prepareWebApplicationContext - Root WebApplicationContext: initialization completed in 5203 ms
17-05-2026 23:29:34.397 [main] [-] INFO  order-service-com.zaxxer.hikari.HikariDataSource.getConnection - HikariPool-1 - Starting...
17-05-2026 23:29:34.892 [main] [-] INFO  order-service-com.zaxxer.hikari.pool.HikariPool.checkFailFast - HikariPool-1 - Added connection org.postgresql.jdbc.PgConnection@7866a7a6
17-05-2026 23:29:34.899 [main] [-] INFO  order-service-com.zaxxer.hikari.HikariDataSource.getConnection - HikariPool-1 - Start completed.
17-05-2026 23:29:35.097 [main] [-] INFO  order-service-o.h.jpa.internal.util.LogHelper.logPersistenceUnitInformation - HHH000204: Processing PersistenceUnitInfo [name: default]
17-05-2026 23:29:35.152 [main] [-] INFO  order-service-org.hibernate.Version.logVersion - HHH000412: Hibernate ORM core version 6.6.50.Final
17-05-2026 23:29:35.191 [main] [-] INFO  order-service-o.h.c.i.RegionFactoryInitiator.initiateService - HHH000026: Second-level cache disabled
17-05-2026 23:29:35.453 [main] [-] INFO  order-service-o.s.o.j.p.SpringPersistenceUnitInfo.addTransformer - No LoadTimeWeaver setup: ignoring JPA class transformer
17-05-2026 23:29:35.597 [main] [-] INFO  order-service-o.hibernate.orm.connections.pooling.logConnectionInfo - HHH10001005: Database info:
	Database JDBC URL [Connecting through datasource 'HikariDataSource (HikariPool-1)']
	Database driver: undefined/unknown
	Database version: 16.3
	Autocommit mode: undefined/unknown
	Isolation level: undefined/unknown
	Minimum pool size: undefined/unknown
	Maximum pool size: undefined/unknown
17-05-2026 23:29:37.185 [main] [-] INFO  order-service-o.h.e.t.j.p.i.JtaPlatformInitiator.initiateService - HHH000489: No JTA platform available (set 'hibernate.transaction.jta.platform' to enable JTA platform integration)
17-05-2026 23:29:38.591 [main] [-] INFO  order-service-o.s.o.j.LocalContainerEntityManagerFactoryBean.buildNativeEntityManagerFactory - Initialized JPA EntityManagerFactory for persistence unit 'default'
17-05-2026 23:29:39.685 [main] [-] INFO  order-service-o.s.c.o.FeignClientFactoryBean.getTarget - For 'inventory-service' URL not provided. Will try picking an instance via load-balancing.
17-05-2026 23:29:43.198 [main] [-] INFO  order-service-o.s.c.n.e.c.DiscoveryClientOptionalArgsConfiguration.restTemplateDiscoveryClientOptionalArgs - Eureka HTTP Client uses RestTemplate.
17-05-2026 23:29:43.273 [main] [-] WARN  order-service-o.s.c.l.c.LoadBalancerCacheAutoConfiguration$LoadBalancerCaffeineWarnLogger.afterPropertiesSet - Spring Cloud LoadBalancer is currently working with the default cache. While this cache implementation is useful for development and tests, it's recommended to use Caffeine cache in production.You can switch to using Caffeine cache, by adding it and org.springframework.cache.caffeine.CaffeineCacheManager to the classpath.
17-05-2026 23:29:43.329 [main] [-] INFO  order-service-o.s.b.a.e.web.EndpointLinksResolver.<init> - Exposing 3 endpoints beneath base path '/actuator'
17-05-2026 23:29:43.641 [main] [-] INFO  order-service-o.s.c.n.eureka.InstanceInfoFactory.create - Setting initial instance status as: STARTING
17-05-2026 23:29:43.706 [main] [-] INFO  order-service-c.netflix.discovery.DiscoveryClient.<init> - Initializing Eureka in region us-east-1
17-05-2026 23:29:43.715 [main] [-] INFO  order-service-c.n.d.s.r.aws.ConfigClusterResolver.getClusterEndpoints - Resolving eureka endpoints via configuration
17-05-2026 23:29:43.734 [main] [-] INFO  order-service-c.netflix.discovery.DiscoveryClient.fetchRegistry - Disable delta property : false
17-05-2026 23:29:43.734 [main] [-] INFO  order-service-c.netflix.discovery.DiscoveryClient.fetchRegistry - Single vip registry refresh property : null
17-05-2026 23:29:43.734 [main] [-] INFO  order-service-c.netflix.discovery.DiscoveryClient.fetchRegistry - Force full registry fetch : false
17-05-2026 23:29:43.734 [main] [-] INFO  order-service-c.netflix.discovery.DiscoveryClient.fetchRegistry - Application is null : false
17-05-2026 23:29:43.734 [main] [-] INFO  order-service-c.netflix.discovery.DiscoveryClient.fetchRegistry - Registered Applications size is zero : true
17-05-2026 23:29:43.734 [main] [-] INFO  order-service-c.netflix.discovery.DiscoveryClient.fetchRegistry - Application version is -1: true
17-05-2026 23:29:43.735 [main] [-] INFO  order-service-c.netflix.discovery.DiscoveryClient.getAndStoreFullRegistry - Getting all instance registry info from the eureka server
17-05-2026 23:29:44.569 [main] [-] INFO  order-service-c.netflix.discovery.DiscoveryClient.getAndStoreFullRegistry - The response status is 200
17-05-2026 23:29:44.575 [main] [-] INFO  order-service-c.netflix.discovery.DiscoveryClient.initScheduledTasks - Starting heartbeat executor: renew interval is: 30
17-05-2026 23:29:44.580 [main] [-] INFO  order-service-c.n.discovery.InstanceInfoReplicator.<init> - InstanceInfoReplicator onDemand update allowed rate per min is 4
17-05-2026 23:29:44.586 [main] [-] INFO  order-service-c.netflix.discovery.DiscoveryClient.<init> - Discovery Client initialized at timestamp 1779040784585 with initial instances count: 1
17-05-2026 23:29:44.636 [main] [-] INFO  order-service-o.s.c.n.e.s.EurekaServiceRegistry.register - Registering application ORDER-SERVICE with eureka with status UP
17-05-2026 23:29:44.642 [main] [-] INFO  order-service-c.netflix.discovery.DiscoveryClient.notify - Saw local status change event StatusChangeEvent [timestamp=1779040784642, current=UP, previous=STARTING]
17-05-2026 23:29:44.648 [DiscoveryClient-InstanceInfoReplicator-%d] [-] INFO  order-service-c.netflix.discovery.DiscoveryClient.register - DiscoveryClient_ORDER-SERVICE/192.168.1.2:order-service:8081: registering service...
17-05-2026 23:29:44.663 [main] [-] INFO  order-service-o.a.coyote.http11.Http11NioProtocol.log - Starting ProtocolHandler ["http-nio-8081"]
17-05-2026 23:29:44.701 [main] [-] INFO  order-service-o.s.b.w.e.tomcat.TomcatWebServer.start - Tomcat started on port 8081 (http) with context path '/'
17-05-2026 23:29:44.704 [main] [-] INFO  order-service-o.s.c.n.e.s.EurekaAutoServiceRegistration.onApplicationEvent - Updating port to 8081
17-05-2026 23:29:44.805 [main] [-] INFO  order-service-c.ecoomrce.OrderServiceApplication.logStarted - Started OrderServiceApplication in 21.892 seconds (process running for 24.52)
17-05-2026 23:29:44.813 [DiscoveryClient-InstanceInfoReplicator-%d] [-] INFO  order-service-c.netflix.discovery.DiscoveryClient.register - DiscoveryClient_ORDER-SERVICE/192.168.1.2:order-service:8081 - registration status: 204
17-05-2026 23:29:45.792 [AsyncReporter{ZipkinHttpClientSender{http://localhost:9411/api/v2/spans}}] [-] WARN  order-service-z.r.i.AsyncReporter$BoundedAsyncReporter.flush - Spans were dropped due to exceptions. All subsequent errors will be logged at FINE level.
17-05-2026 23:29:45.794 [AsyncReporter{ZipkinHttpClientSender{http://localhost:9411/api/v2/spans}}] [-] WARN  order-service-z.r.i.AsyncReporter$BoundedAsyncReporter.flush - Dropped 2 spans due to ConnectException()
java.net.ConnectException
	at java.net.http/jdk.internal.net.http.HttpClientImpl.send(HttpClientImpl.java:955)
	at java.net.http/jdk.internal.net.http.HttpClientFacade.send(HttpClientFacade.java:133)
	at org.springframework.boot.actuate.autoconfigure.tracing.zipkin.ZipkinHttpClientSender.postSpans(ZipkinHttpClientSender.java:60)
	at org.springframework.boot.actuate.autoconfigure.tracing.zipkin.HttpSender.postSpans(HttpSender.java:69)
	at org.springframework.boot.actuate.autoconfigure.tracing.zipkin.HttpSender.postSpans(HttpSender.java:41)
	at zipkin2.reporter.BaseHttpSender.send(BaseHttpSender.java:123)
	at zipkin2.reporter.internal.AsyncReporter$BoundedAsyncReporter.flush(AsyncReporter.java:266)
	at zipkin2.reporter.internal.AsyncReporter$Flusher.run(AsyncReporter.java:352)
	at java.base/java.lang.Thread.run(Thread.java:1583)
Caused by: java.net.ConnectException
	at java.net.http/jdk.internal.net.http.common.Utils.toConnectException(Utils.java:1065)
	at java.net.http/jdk.internal.net.http.PlainHttpConnection.connectAsync(PlainHttpConnection.java:227)
	at java.net.http/jdk.internal.net.http.PlainHttpConnection.checkRetryConnect(PlainHttpConnection.java:280)
	at java.net.http/jdk.internal.net.http.PlainHttpConnection.lambda$connectAsync$2(PlainHttpConnection.java:238)
	at java.base/java.util.concurrent.CompletableFuture.uniHandle(CompletableFuture.java:934)
	at java.base/java.util.concurrent.CompletableFuture$UniHandle.tryFire(CompletableFuture.java:911)
	at java.base/java.util.concurrent.CompletableFuture.postComplete(CompletableFuture.java:510)
	at java.base/java.util.concurrent.CompletableFuture$AsyncSupply.run(CompletableFuture.java:1773)
	at java.base/java.util.concurrent.ThreadPoolExecutor.runWorker(ThreadPoolExecutor.java:1144)
	at java.base/java.util.concurrent.ThreadPoolExecutor$Worker.run(ThreadPoolExecutor.java:642)
	... 1 common frames omitted
Caused by: java.nio.channels.ClosedChannelException
	at java.base/sun.nio.ch.SocketChannelImpl.ensureOpen(SocketChannelImpl.java:202)
	at java.base/sun.nio.ch.SocketChannelImpl.beginConnect(SocketChannelImpl.java:786)
	at java.base/sun.nio.ch.SocketChannelImpl.connect(SocketChannelImpl.java:874)
	at java.net.http/jdk.internal.net.http.PlainHttpConnection.lambda$connectAsync$1(PlainHttpConnection.java:210)
	at java.base/java.security.AccessController.doPrivileged(AccessController.java:571)
	at java.net.http/jdk.internal.net.http.PlainHttpConnection.connectAsync(PlainHttpConnection.java:212)
	... 9 common frames omitted
17-05-2026 23:29:46.231 [RMI TCP Connection(11)-127.0.0.1] [-] INFO  order-service-o.a.c.c.C.[Tomcat].[localhost].[/].log - Initializing Spring DispatcherServlet 'dispatcherServlet'
17-05-2026 23:29:46.234 [RMI TCP Connection(11)-127.0.0.1] [-] INFO  order-service-o.s.web.servlet.DispatcherServlet.initServletBean - Initializing Servlet 'dispatcherServlet'
17-05-2026 23:29:46.239 [RMI TCP Connection(11)-127.0.0.1] [-] INFO  order-service-o.s.web.servlet.DispatcherServlet.initServletBean - Completed initialization in 5 ms
17-05-2026 23:34:43.759 [AsyncResolver-bootstrap-executor-%d] [-] INFO  order-service-c.n.d.s.r.aws.ConfigClusterResolver.getClusterEndpoints - Resolving eureka endpoints via configuration
17-05-2026 23:39:43.793 [AsyncResolver-bootstrap-executor-%d] [-] INFO  order-service-c.n.d.s.r.aws.ConfigClusterResolver.getClusterEndpoints - Resolving eureka endpoints via configuration
17-05-2026 23:44:43.847 [AsyncResolver-bootstrap-executor-%d] [-] INFO  order-service-c.n.d.s.r.aws.ConfigClusterResolver.getClusterEndpoints - Resolving eureka endpoints via configuration
17-05-2026 23:49:43.897 [AsyncResolver-bootstrap-executor-%d] [-] INFO  order-service-c.n.d.s.r.aws.ConfigClusterResolver.getClusterEndpoints - Resolving eureka endpoints via configuration
17-05-2026 23:54:43.964 [AsyncResolver-bootstrap-executor-%d] [-] INFO  order-service-c.n.d.s.r.aws.ConfigClusterResolver.getClusterEndpoints - Resolving eureka endpoints via configuration
17-05-2026 23:59:44.181 [AsyncResolver-bootstrap-executor-%d] [-] INFO  order-service-c.n.d.s.r.aws.ConfigClusterResolver.getClusterEndpoints - Resolving eureka endpoints via configuration
